# JRE version: OpenJDK Runtime Environment Zulu21.32+17-CA (21.0.2+13) (build 21.0.2+13-LTS)
# Java VM: OpenJDK 64-Bit Server VM Zulu21.32+17-CA (21.0.2+13-LTS, mixed mode, sharing, tiered, compressed oops, compressed class ptrs, g1 gc, bsd-amd64)
Heap:
 garbage-first heap   total 133120K, used 116872K [0x0000000780000000, 0x0000000800000000)
  region size 1024K, 60 young (61440K), 1 survivors (1024K)
 Metaspace       used 14055K, committed 14400K, reserved 1114112K
  class space    used 1366K, committed 1536K, reserved 1048576K
GC Heap History (20 events):
Event: 56437.480 GC heap before
{Heap before GC invocations=113 (full 0):
 garbage-first heap   total 133120K, used 123016K [0x0000000780000000, 0x0000000800000000)
  region size 1024K, 65 young (66560K), 1 survivors (1024K)
 Metaspace       used 14055K, committed 14400K, reserved 1114112K
  class space    used 1366K, committed 1536K, reserved 1048576K
}
Event: 56437.490 GC heap after
{Heap after GC invocations=114 (full 0):
 garbage-first heap   total 133120K, used 57478K [0x0000000780000000, 0x0000000800000000)
  region size 1024K, 1 young (1024K), 1 survivors (1024K)
 Metaspace       used 14055K, committed 14400K, reserved 1114112K
  class space    used 1366K, committed 1536K, reserved 1048576K
}
Event: 57113.335 GC heap before
{Heap before GC invocations=114 (full 0):
 garbage-first heap   total 133120K, used 123014K [0x0000000780000000, 0x0000000800000000)
  region size 1024K, 65 young (66560K), 1 survivors (1024K)
 Metaspace       used 14055K, committed 14400K, reserved 1114112K
  class space    used 1366K, committed 1536K, reserved 1048576K
}
Event: 57113.350 GC heap after
{Heap after GC invocations=115 (full 0):
 garbage-first heap   total 133120K, used 57478K [0x0000000780000000, 0x0000000800000000)
  region size 1024K, 1 young (1024K), 1 survivors (1024K)
 Metaspace       used 14055K, committed 14400K, reserved 1114112K
  class space    used 1366K, committed 1536K, reserved 1048576K
}
Event: 57794.980 GC heap before
{Heap before GC invocations=115 (full 0):
 garbage-first heap   total 133120K, used 123014K [0x0000000780000000, 0x0000000800000000)
  region size 1024K, 65 young (66560K), 1 survivors (1024K)
 Metaspace       used 14055K, committed 14400K, reserved 1114112K
  class space    used 1366K, committed 1536K, reserved 1048576K
}
Event: 57795.006 GC heap after
{Heap after GC invocations=116 (full 0):
 garbage-first heap   total 133120K, used 57478K [0x0000000780000000, 0x0000000800000000)
  region size 1024K, 1 young (1024K), 1 survivors (1024K)
 Metaspace       used 14055K, committed 14400K, reserved 1114112K
  class space    used 1366K, committed 1536K, reserved 1048576K
}
Event: 58469.349 GC heap before
{Heap before GC invocations=116 (full 0):
 garbage-first heap   total 133120K, used 123014K [0x0000000780000000, 0x0000000800000000)
  region size 1024K, 65 young (66560K), 1 survivors (1024K)
 Metaspace       used 14055K, committed 14400K, reserved 1114112K
  class space    used 1366K, committed 1536K, reserved 1048576K
}
Event: 58469.371 GC heap after
{Heap after GC invocations=117 (full 0):
 garbage-first heap   total 133120K, used 57478K [0x0000000780000000, 0x0000000800000000)
  region size 1024K, 1 young (1024K), 1 survivors (1024K)
 Metaspace       used 14055K, committed 14400K, reserved 1114112K
  class space    used 1366K, committed 1536K, reserved 1048576K
}
Event: 59143.675 GC heap before
{Heap before GC invocations=117 (full 0):
 garbage-first heap   total 133120K, used 123014K [0x0000000780000000, 0x0000000800000000)
  region size 1024K, 65 young (66560K), 1 survivors (1024K)
 Metaspace       used 14055K, committed 14400K, reserved 1114112K
  class space    used 1366K, committed 1536K, reserved 1048576K
}
Event: 59143.694 GC heap after
{Heap after GC invocations=118 (full 0):
 garbage-first heap   total 133120K, used 57478K [0x0000000780000000, 0x0000000800000000)
  region size 1024K, 1 young (1024K), 1 survivors (1024K)
 Metaspace       used 14055K, committed 14400K, reserved 1114112K
  class space    used 1366K, committed 1536K, reserved 1048576K
}
Event: 59824.907 GC heap before
{Heap before GC invocations=118 (full 0):
 garbage-first heap   total 133120K, used 123014K [0x0000000780000000, 0x0000000800000000)
  region size 1024K, 65 young (66560K), 1 survivors (1024K)
 Metaspace       used 14055K, committed 14400K, reserved 1114112K
  class space    used 1366K, committed 1536K, reserved 1048576K
}
Event: 59824.922 GC heap after
{Heap after GC invocations=119 (full 0):
 garbage-first heap   total 133120K, used 57480K [0x0000000780000000, 0x0000000800000000)
  region size 1024K, 1 young (1024K), 1 survivors (1024K)
 Metaspace       used 14055K, committed 14400K, reserved 1114112K
  class space    used 1366K, committed 1536K, reserved 1048576K
}
Event: 60501.072 GC heap before
{Heap before GC invocations=119 (full 0):
 garbage-first heap   total 133120K, used 123016K [0x0000000780000000, 0x0000000800000000)
  region size 1024K, 65 young (66560K), 1 survivors (1024K)
 Metaspace       used 14055K, committed 14400K, reserved 1114112K
  class space    used 1366K, committed 1536K, reserved 1048576K
}
Event: 60501.092 GC heap after
{Heap after GC invocations=120 (full 0):
 garbage-first heap   total 133120K, used 57479K [0x0000000780000000, 0x0000000800000000)
  region size 1024K, 1 young (1024K), 1 survivors (1024K)
 Metaspace       used 14055K, committed 14400K, reserved 1114112K
  class space    used 1366K, committed 1536K, reserved 1048576K
}
Event: 61183.272 GC heap before
{Heap before GC invocations=120 (full 0):
 garbage-first heap   total 133120K, used 123015K [0x0000000780000000, 0x0000000800000000)
  region size 1024K, 65 young (66560K), 1 survivors (1024K)
 Metaspace       used 14055K, committed 14400K, reserved 1114112K
  class space    used 1366K, committed 1536K, reserved 1048576K
}
Event: 61183.300 GC heap after
{Heap after GC invocations=121 (full 0):
 garbage-first heap   total 133120K, used 57480K [0x0000000780000000, 0x0000000800000000)
  region size 1024K, 1 young (1024K), 1 survivors (1024K)
 Metaspace       used 14055K, committed 14400K, reserved 1114112K
  class space    used 1366K, committed 1536K, reserved 1048576K
}
Event: 61864.533 GC heap before
{Heap before GC invocations=121 (full 0):
 garbage-first heap   total 133120K, used 123016K [0x0000000780000000, 0x0000000800000000)
  region size 1024K, 65 young (66560K), 1 survivors (1024K)
 Metaspace       used 14055K, committed 14400K, reserved 1114112K
  class space    used 1366K, committed 1536K, reserved 1048576K
}
Event: 61864.547 GC heap after
{Heap after GC invocations=122 (full 0):
 garbage-first heap   total 133120K, used 57480K [0x0000000780000000, 0x0000000800000000)
  region size 1024K, 1 young (1024K), 1 survivors (1024K)
 Metaspace       used 14055K, committed 14400K, reserved 1114112K
  class space    used 1366K, committed 1536K, reserved 1048576K
}
Event: 62545.617 GC heap before
{Heap before GC invocations=122 (full 0):
 garbage-first heap   total 133120K, used 123016K [0x0000000780000000, 0x0000000800000000)
  region size 1024K, 65 young (66560K), 1 survivors (1024K)
 Metaspace       used 14055K, committed 14400K, reserved 1114112K
  class space    used 1366K, committed 1536K, reserved 1048576K
}
Event: 62545.640 GC heap after
{Heap after GC invocations=123 (full 0):
 garbage-first heap   total 133120K, used 57478K [0x0000000780000000, 0x0000000800000000)
  region size 1024K, 1 young (1024K), 1 survivors (1024K)
 Metaspace       used 14055K, committed 14400K, reserved 1114112K
  class space    used 1366K, committed 1536K, reserved 1048576K
}

